<?xml version="1.0" encoding="UTF-8"?>
<testsuite xmlns:xsi="http://www.w3.org/2001/XMLSchema-instance" xsi:noNamespaceSchemaLocation="https://maven.apache.org/surefire/maven-surefire-plugin/xsd/surefire-test-report-3.0.xsd" version="3.0" name="DAOs.ProductosTest" time="0.127" tests="8" errors="0" skipped="0" failures="5">
  <properties>
[...]
</properties>
  <testcase name="testCatalogoProductos_0args" classname="DAOs.ProductosTest" time="0.024"/>
  <testcase name="testCatalogoProductos_String" classname="DAOs.ProductosTest" time="0.06">
    <failure message="expected: &lt;[XX027,Galletas,KG,G, XX028,Agua,KG,E]&gt; but was: &lt;[XX024,Galletas,KG,E, XX027,Galletas,KG,G, XX028,Agua,KG,E]&gt;" type="org.opentest4j.AssertionFailedError"><![CDATA[org.opentest4j.AssertionFailedError: expected: <[XX027,Galletas,KG,G, XX028,Agua,KG,E]> but was: <[XX024,Galletas,KG,E, XX027,Galletas,KG,G, XX028,Agua,KG,E]>
	at org.junit.jupiter.api.AssertionFailureBuilder.build(AssertionFailureBuilder.java:151)
	at org.junit.jupiter.api.AssertionFailureBuilder.buildAndThrow(AssertionFailureBuilder.java:132)
	at org.junit.jupiter.api.AssertEquals.failNotEqual(AssertEquals.java:197)
	at org.junit.jupiter.api.AssertEquals.assertEquals(AssertEquals.java:182)
	at org.junit.jupiter.api.AssertEquals.assertEquals(AssertEquals.java:177)
	at org.junit.jupiter.api.Assertions.assertEquals(Assertions.java:1145)
	at DAOs.ProductosTest.testCatalogoProductos_String(ProductosTest.java:166)
	at java.base/java.lang.reflect.Method.invoke(Method.java:580)
	at java.base/java.util.ArrayList.forEach(ArrayList.java:1597)
	at java.base/java.util.ArrayList.forEach(ArrayList.java:1597)
]]></failure>
  </testcase>
  <testcase name="testBuscarProductoPorClave" classname="DAOs.ProductosTest" time="0.002"/>
  <testcase name="testCatalogoProductos_String_char" classname="DAOs.ProductosTest" time="0.006">
    <failure message="expected: &lt;[XX032,Papas Kiwi,KG,E, XX034,Agua,KG,E]&gt; but was: &lt;[XX024,Galletas,KG,E, XX028,Agua,KG,E, XX030,Galletas,KG,E, XX032,Papas Kiwi,KG,E, XX034,Agua,KG,E]&gt;" type="org.opentest4j.AssertionFailedError"><![CDATA[org.opentest4j.AssertionFailedError: expected: <[XX032,Papas Kiwi,KG,E, XX034,Agua,KG,E]> but was: <[XX024,Galletas,KG,E, XX028,Agua,KG,E, XX030,Galletas,KG,E, XX032,Papas Kiwi,KG,E, XX034,Agua,KG,E]>
	at org.junit.jupiter.api.AssertionFailureBuilder.build(AssertionFailureBuilder.java:151)
	at org.junit.jupiter.api.AssertionFailureBuilder.buildAndThrow(AssertionFailureBuilder.java:132)
	at org.junit.jupiter.api.AssertEquals.failNotEqual(AssertEquals.java:197)
	at org.junit.jupiter.api.AssertEquals.assertEquals(AssertEquals.java:182)
	at org.junit.jupiter.api.AssertEquals.assertEquals(AssertEquals.java:177)
	at org.junit.jupiter.api.Assertions.assertEquals(Assertions.java:1145)
	at DAOs.ProductosTest.testCatalogoProductos_String_char(ProductosTest.java:185)
	at java.base/java.lang.reflect.Method.invoke(Method.java:580)
	at java.base/java.util.ArrayList.forEach(ArrayList.java:1597)
	at java.base/java.util.ArrayList.forEach(ArrayList.java:1597)
]]></failure>
  </testcase>
  <testcase name="testActualizarProducto" classname="DAOs.ProductosTest" time="0.004">
    <failure message="expected: &lt;Agua&gt; but was: &lt;Papas Kiwi&gt;" type="org.opentest4j.AssertionFailedError"><![CDATA[org.opentest4j.AssertionFailedError: expected: <Agua> but was: <Papas Kiwi>
	at org.junit.jupiter.api.AssertionFailureBuilder.build(AssertionFailureBuilder.java:151)
	at org.junit.jupiter.api.AssertionFailureBuilder.buildAndThrow(AssertionFailureBuilder.java:132)
	at org.junit.jupiter.api.AssertEquals.failNotEqual(AssertEquals.java:197)
	at org.junit.jupiter.api.AssertEquals.assertEquals(AssertEquals.java:182)
	at org.junit.jupiter.api.AssertEquals.assertEquals(AssertEquals.java:177)
	at org.junit.jupiter.api.Assertions.assertEquals(Assertions.java:1145)
	at DAOs.ProductosTest.testActualizarProducto(ProductosTest.java:105)
	at java.base/java.lang.reflect.Method.invoke(Method.java:580)
	at java.base/java.util.ArrayList.forEach(ArrayList.java:1597)
	at java.base/java.util.ArrayList.forEach(ArrayList.java:1597)
]]></failure>
  </testcase>
  <testcase name="testEliminarProducto" classname="DAOs.ProductosTest" time="0.002"/>
  <testcase name="testCatalogoProductos_char" classname="DAOs.ProductosTest" time="0.003">
    <failure message="expected: &lt;[XX039,Papas Kiwi,g,E, XX041,Agua,L,E]&gt; but was: &lt;[XX023,Papas Kiwi,g,E, XX024,Galletas,KG,E, XX025,Agua,L,E, XX026,Papas Kiwi,g,E, XX028,Agua,KG,E, XX029,Papas Kiwi,g,E, XX030,Galletas,KG,E, XX031,Agua,L,E, XX032,Papas Kiwi,KG,E, XX034,Agua,KG,E, XX035,Agua,L,E, XX036,Papas Kiwi,g,E, XX038,Agua,L,E, XX039,Papas Kiwi,g,E, XX041,Agua,L,E]&gt;" type="org.opentest4j.AssertionFailedError"><![CDATA[org.opentest4j.AssertionFailedError: expected: <[XX039,Papas Kiwi,g,E, XX041,Agua,L,E]> but was: <[XX023,Papas Kiwi,g,E, XX024,Galletas,KG,E, XX025,Agua,L,E, XX026,Papas Kiwi,g,E, XX028,Agua,KG,E, XX029,Papas Kiwi,g,E, XX030,Galletas,KG,E, XX031,Agua,L,E, XX032,Papas Kiwi,KG,E, XX034,Agua,KG,E, XX035,Agua,L,E, XX036,Papas Kiwi,g,E, XX038,Agua,L,E, XX039,Papas Kiwi,g,E, XX041,Agua,L,E]>
	at org.junit.jupiter.api.AssertionFailureBuilder.build(AssertionFailureBuilder.java:151)
	at org.junit.jupiter.api.AssertionFailureBuilder.buildAndThrow(AssertionFailureBuilder.java:132)
	at org.junit.jupiter.api.AssertEquals.failNotEqual(AssertEquals.java:197)
	at org.junit.jupiter.api.AssertEquals.assertEquals(AssertEquals.java:182)
	at org.junit.jupiter.api.AssertEquals.assertEquals(AssertEquals.java:177)
	at org.junit.jupiter.api.Assertions.assertEquals(Assertions.java:1145)
	at DAOs.ProductosTest.testCatalogoProductos_char(ProductosTest.java:147)
	at java.base/java.lang.reflect.Method.invoke(Method.java:580)
	at java.base/java.util.ArrayList.forEach(ArrayList.java:1597)
	at java.base/java.util.ArrayList.forEach(ArrayList.java:1597)
]]></failure>
  </testcase>
  <testcase name="testAgregarProducto" classname="DAOs.ProductosTest" time="0.003">
    <failure message="expected: &lt;XX042,Papas Kiwi,g,G&gt; but was: &lt;XX023,Papas Kiwi,g,E&gt;" type="org.opentest4j.AssertionFailedError"><![CDATA[org.opentest4j.AssertionFailedError: expected: <XX042,Papas Kiwi,g,G> but was: <XX023,Papas Kiwi,g,E>
	at org.junit.jupiter.api.AssertionFailureBuilder.build(AssertionFailureBuilder.java:151)
	at org.junit.jupiter.api.AssertionFailureBuilder.buildAndThrow(AssertionFailureBuilder.java:132)
	at org.junit.jupiter.api.AssertEquals.failNotEqual(AssertEquals.java:197)
	at org.junit.jupiter.api.AssertEquals.assertEquals(AssertEquals.java:182)
	at org.junit.jupiter.api.AssertEquals.assertEquals(AssertEquals.java:177)
	at org.junit.jupiter.api.Assertions.assertEquals(Assertions.java:1145)
	at DAOs.ProductosTest.testAgregarProducto(ProductosTest.java:49)
	at java.base/java.lang.reflect.Method.invoke(Method.java:580)
	at java.base/java.util.ArrayList.forEach(ArrayList.java:1597)
	at java.base/java.util.ArrayList.forEach(ArrayList.java:1597)
]]></failure>
  </testcase>
</testsuite>