<?xml version="1.0" encoding="UTF-8"?>
<testsuite xmlns:xsi="http://www.w3.org/2001/XMLSchema-instance" xsi:noNamespaceSchemaLocation="https://maven.apache.org/surefire/maven-surefire-plugin/xsd/surefire-test-report-3.0.xsd" version="3.0" name="DAOs.ProductosTest" time="0.127" tests="8" errors="0" skipped="0" failures="5">
  <properties>
    <property name="java.specification.version" value="22"/>
    <property name="sun.cpu.isalist" value="amd64"/>
    <property name="sun.jnu.encoding" value="Cp1252"/>
    <property name="java.class.path" value="C:\Users\le0jx\OneDrive\Documents\GitHub\proyectoProgra2\abarrotesObjetosNegocio_232979_228264\target\test-classes;C:\Users\le0jx\OneDrive\Documents\GitHub\proyectoProgra2\abarrotesObjetosNegocio_232979_228264\target\classes;C:\Users\le0jx\.m2\repository\com\232979\ObjetosServicio_232979_228264\1.0-SNAPSHOT\ObjetosServicio_232979_228264-1.0-SNAPSHOT.jar;C:\Users\le0jx\.m2\repository\org\junit\jupiter\junit-jupiter-api\5.10.3\junit-jupiter-api-5.10.3.jar;C:\Users\le0jx\.m2\repository\org\opentest4j\opentest4j\1.3.0\opentest4j-1.3.0.jar;C:\Users\le0jx\.m2\repository\org\junit\platform\junit-platform-commons\1.10.3\junit-platform-commons-1.10.3.jar;C:\Users\le0jx\.m2\repository\org\apiguardian\apiguardian-api\1.1.2\apiguardian-api-1.1.2.jar;C:\Users\le0jx\.m2\repository\org\junit\jupiter\junit-jupiter-params\5.10.3\junit-jupiter-params-5.10.3.jar;C:\Users\le0jx\.m2\repository\org\junit\jupiter\junit-jupiter-engine\5.10.3\junit-jupiter-engine-5.10.3.jar;C:\Users\le0jx\.m2\repository\org\junit\platform\junit-platform-engine\1.10.3\junit-platform-engine-1.10.3.jar;"/>
    <property name="java.vm.vendor" value="Oracle Corporation"/>
    <property name="sun.arch.data.model" value="64"/>
    <property name="user.variant" value=""/>
    <property name="java.vendor.url" value="https://java.oracle.com/"/>
    <property name="user.timezone" value="America/Hermosillo"/>
    <property name="os.name" value="Windows 11"/>
    <property name="java.vm.specification.version" value="22"/>
    <property name="user.country" value="MX"/>
    <property name="sun.java.launcher" value="SUN_STANDARD"/>
    <property name="sun.boot.library.path" value="C:\Program Files\Java\jdk-22\bin"/>
    <property name="sun.java.command" value="C:\Users\le0jx\AppData\Local\Temp\surefire18144802946623160897\surefirebooter-20250505124614029_3.jar C:\Users\le0jx\AppData\Local\Temp\surefire18144802946623160897 2025-05-05T12-46-13_633-jvmRun1 surefire-20250505124614029_1tmp surefire_0-20250505124614029_2tmp"/>
    <property name="jdk.debug" value="release"/>
    <property name="surefire.test.class.path" value="C:\Users\le0jx\OneDrive\Documents\GitHub\proyectoProgra2\abarrotesObjetosNegocio_232979_228264\target\test-classes;C:\Users\le0jx\OneDrive\Documents\GitHub\proyectoProgra2\abarrotesObjetosNegocio_232979_228264\target\classes;C:\Users\le0jx\.m2\repository\com\232979\ObjetosServicio_232979_228264\1.0-SNAPSHOT\ObjetosServicio_232979_228264-1.0-SNAPSHOT.jar;C:\Users\le0jx\.m2\repository\org\junit\jupiter\junit-jupiter-api\5.10.3\junit-jupiter-api-5.10.3.jar;C:\Users\le0jx\.m2\repository\org\opentest4j\opentest4j\1.3.0\opentest4j-1.3.0.jar;C:\Users\le0jx\.m2\repository\org\junit\platform\junit-platform-commons\1.10.3\junit-platform-commons-1.10.3.jar;C:\Users\le0jx\.m2\repository\org\apiguardian\apiguardian-api\1.1.2\apiguardian-api-1.1.2.jar;C:\Users\le0jx\.m2\repository\org\junit\jupiter\junit-jupiter-params\5.10.3\junit-jupiter-params-5.10.3.jar;C:\Users\le0jx\.m2\repository\org\junit\jupiter\junit-jupiter-engine\5.10.3\junit-jupiter-engine-5.10.3.jar;C:\Users\le0jx\.m2\repository\org\junit\platform\junit-platform-engine\1.10.3\junit-platform-engine-1.10.3.jar;"/>
    <property name="sun.cpu.endian" value="little"/>
    <property name="user.home" value="C:\Users\le0jx"/>
    <property name="user.language" value="es"/>
    <property name="java.specification.vendor" value="Oracle Corporation"/>
    <property name="java.version.date" value="2024-07-16"/>
    <property name="java.home" value="C:\Program Files\Java\jdk-22"/>
    <property name="file.separator" value="\"/>
    <property name="basedir" value="C:\Users\le0jx\OneDrive\Documents\GitHub\proyectoProgra2\abarrotesObjetosNegocio_232979_228264"/>
    <property name="java.vm.compressedOopsMode" value="32-bit"/>
    <property name="line.separator" value="&#10;"/>
    <property name="java.vm.specification.vendor" value="Oracle Corporation"/>
    <property name="java.specification.name" value="Java Platform API Specification"/>
    <property name="surefire.real.class.path" value="C:\Users\le0jx\AppData\Local\Temp\surefire18144802946623160897\surefirebooter-20250505124614029_3.jar"/>
    <property name="user.script" value=""/>
    <property name="sun.management.compiler" value="HotSpot 64-Bit Tiered Compilers"/>
    <property name="java.runtime.version" value="22.0.2+9-70"/>
    <property name="user.name" value="le0jx"/>
    <property name="stdout.encoding" value="Cp1252"/>
    <property name="path.separator" value=";"/>
    <property name="os.version" value="10.0"/>
    <property name="java.runtime.name" value="Java(TM) SE Runtime Environment"/>
    <property name="file.encoding" value="UTF-8"/>
    <property name="java.vm.name" value="Java HotSpot(TM) 64-Bit Server VM"/>
    <property name="maven.ext.class.path" value="C:\Program Files\NetBeans-23\netbeans\java\maven-nblib\netbeans-eventspy.jar"/>
    <property name="localRepository" value="C:\Users\le0jx\.m2\repository"/>
    <property name="java.vendor.url.bug" value="https://bugreport.java.com/bugreport/"/>
    <property name="java.io.tmpdir" value="C:\Users\le0jx\AppData\Local\Temp\"/>
    <property name="java.version" value="22.0.2"/>
    <property name="user.dir" value="C:\Users\le0jx\OneDrive\Documents\GitHub\proyectoProgra2\abarrotesObjetosNegocio_232979_228264"/>
    <property name="os.arch" value="amd64"/>
    <property name="java.vm.specification.name" value="Java Virtual Machine Specification"/>
    <property name="sun.os.patch.level" value=""/>
    <property name="native.encoding" value="Cp1252"/>
    <property name="java.library.path" value="C:\Program Files\Java\jdk-22\bin;C:\WINDOWS\Sun\Java\bin;C:\WINDOWS\system32;C:\WINDOWS;C:\Program Files\Common Files\Oracle\Java\javapath;C:\WINDOWS\system32;C:\WINDOWS;C:\WINDOWS\System32\Wbem;C:\WINDOWS\System32\WindowsPowerShell\v1.0\;C:\WINDOWS\System32\OpenSSH\;C:\Program Files (x86)\NVIDIA Corporation\PhysX\Common;C:\Program Files\MySQL\MySQL Shell 8.0\bin\;C:\Users\le0jx\AppData\Local\Microsoft\WindowsApps;C:\Users\le0jx\AppData\Local\GitHubDesktop\bin;C:\Users\le0jx\AppData\Local\Programs\Microsoft VS Code\bin;."/>
    <property name="java.vm.info" value="mixed mode, sharing"/>
    <property name="stderr.encoding" value="Cp1252"/>
    <property name="java.vendor" value="Oracle Corporation"/>
    <property name="java.vm.version" value="22.0.2+9-70"/>
    <property name="sun.io.unicode.encoding" value="UnicodeLittle"/>
    <property name="java.class.version" value="66.0"/>
  </properties>
  <testcase name="testCatalogoProductos_0args" classname="DAOs.ProductosTest" time="0.024"/>
  <testcase name="testCatalogoProductos_String" classname="DAOs.ProductosTest" time="0.06">
    <failure message="expected: &lt;[XX027,Galletas,KG,G, XX028,Agua,KG,E]&gt; but was: &lt;[XX024,Galletas,KG,E, XX027,Galletas,KG,G, XX028,Agua,KG,E]&gt;" type="org.opentest4j.AssertionFailedError"><![CDATA[org.opentest4j.AssertionFailedError: expected: <[XX027,Galletas,KG,G, XX028,Agua,KG,E]> but was: <[XX024,Galletas,KG,E, XX027,Galletas,KG,G, XX028,Agua,KG,E]>
	at org.junit.jupiter.api.AssertionFailureBuilder.build(AssertionFailureBuilder.java:151)
	at org.junit.jupiter.api.AssertionFailureBuilder.buildAndThrow(AssertionFailureBuilder.java:132)
	at org.junit.jupiter.api.AssertEquals.failNotEqual(AssertEquals.java:197)
	at org.junit.jupiter.api.AssertEquals.assertEquals(AssertEquals.java:182)
	at org.junit.jupiter.api.AssertEquals.assertEquals(AssertEquals.java:177)
	at org.junit.jupiter.api.Assertions.assertEquals(Assertions.java:1145)
	at DAOs.ProductosTest.testCatalogoProductos_String(ProductosTest.java:166)
	at java.base/java.lang.reflect.Method.invoke(Method.java:580)
	at java.base/java.util.ArrayList.forEach(ArrayList.java:1597)
	at java.base/java.util.ArrayList.forEach(ArrayList.java:1597)
]]></failure>
  </testcase>
  <testcase name="testBuscarProductoPorClave" classname="DAOs.ProductosTest" time="0.002"/>
  <testcase name="testCatalogoProductos_String_char" classname="DAOs.ProductosTest" time="0.006">
    <failure message="expected: &lt;[XX032,Papas Kiwi,KG,E, XX034,Agua,KG,E]&gt; but was: &lt;[XX024,Galletas,KG,E, XX028,Agua,KG,E, XX030,Galletas,KG,E, XX032,Papas Kiwi,KG,E, XX034,Agua,KG,E]&gt;" type="org.opentest4j.AssertionFailedError"><![CDATA[org.opentest4j.AssertionFailedError: expected: <[XX032,Papas Kiwi,KG,E, XX034,Agua,KG,E]> but was: <[XX024,Galletas,KG,E, XX028,Agua,KG,E, XX030,Galletas,KG,E, XX032,Papas Kiwi,KG,E, XX034,Agua,KG,E]>
	at org.junit.jupiter.api.AssertionFailureBuilder.build(AssertionFailureBuilder.java:151)
	at org.junit.jupiter.api.AssertionFailureBuilder.buildAndThrow(AssertionFailureBuilder.java:132)
	at org.junit.jupiter.api.AssertEquals.failNotEqual(AssertEquals.java:197)
	at org.junit.jupiter.api.AssertEquals.assertEquals(AssertEquals.java:182)
	at org.junit.jupiter.api.AssertEquals.assertEquals(AssertEquals.java:177)
	at org.junit.jupiter.api.Assertions.assertEquals(Assertions.java:1145)
	at DAOs.ProductosTest.testCatalogoProductos_String_char(ProductosTest.java:185)
	at java.base/java.lang.reflect.Method.invoke(Method.java:580)
	at java.base/java.util.ArrayList.forEach(ArrayList.java:1597)
	at java.base/java.util.ArrayList.forEach(ArrayList.java:1597)
]]></failure>
  </testcase>
  <testcase name="testActualizarProducto" classname="DAOs.ProductosTest" time="0.004">
    <failure message="expected: &lt;Agua&gt; but was: &lt;Papas Kiwi&gt;" type="org.opentest4j.AssertionFailedError"><![CDATA[org.opentest4j.AssertionFailedError: expected: <Agua> but was: <Papas Kiwi>
	at org.junit.jupiter.api.AssertionFailureBuilder.build(AssertionFailureBuilder.java:151)
	at org.junit.jupiter.api.AssertionFailureBuilder.buildAndThrow(AssertionFailureBuilder.java:132)
	at org.junit.jupiter.api.AssertEquals.failNotEqual(AssertEquals.java:197)
	at org.junit.jupiter.api.AssertEquals.assertEquals(AssertEquals.java:182)
	at org.junit.jupiter.api.AssertEquals.assertEquals(AssertEquals.java:177)
	at org.junit.jupiter.api.Assertions.assertEquals(Assertions.java:1145)
	at DAOs.ProductosTest.testActualizarProducto(ProductosTest.java:105)
	at java.base/java.lang.reflect.Method.invoke(Method.java:580)
	at java.base/java.util.ArrayList.forEach(ArrayList.java:1597)
	at java.base/java.util.ArrayList.forEach(ArrayList.java:1597)
]]></failure>
  </testcase>
  <testcase name="testEliminarProducto" classname="DAOs.ProductosTest" time="0.002"/>
  <testcase name="testCatalogoProductos_char" classname="DAOs.ProductosTest" time="0.003">
    <failure message="expected: &lt;[XX039,Papas Kiwi,g,E, XX041,Agua,L,E]&gt; but was: &lt;[XX023,Papas Kiwi,g,E, XX024,Galletas,KG,E, XX025,Agua,L,E, XX026,Papas Kiwi,g,E, XX028,Agua,KG,E, XX029,Papas Kiwi,g,E, XX030,Galletas,KG,E, XX031,Agua,L,E, XX032,Papas Kiwi,KG,E, XX034,Agua,KG,E, XX035,Agua,L,E, XX036,Papas Kiwi,g,E, XX038,Agua,L,E, XX039,Papas Kiwi,g,E, XX041,Agua,L,E]&gt;" type="org.opentest4j.AssertionFailedError"><![CDATA[org.opentest4j.AssertionFailedError: expected: <[XX039,Papas Kiwi,g,E, XX041,Agua,L,E]> but was: <[XX023,Papas Kiwi,g,E, XX024,Galletas,KG,E, XX025,Agua,L,E, XX026,Papas Kiwi,g,E, XX028,Agua,KG,E, XX029,Papas Kiwi,g,E, XX030,Galletas,KG,E, XX031,Agua,L,E, XX032,Papas Kiwi,KG,E, XX034,Agua,KG,E, XX035,Agua,L,E, XX036,Papas Kiwi,g,E, XX038,Agua,L,E, XX039,Papas Kiwi,g,E, XX041,Agua,L,E]>
	at org.junit.jupiter.api.AssertionFailureBuilder.build(AssertionFailureBuilder.java:151)
	at org.junit.jupiter.api.AssertionFailureBuilder.buildAndThrow(AssertionFailureBuilder.java:132)
	at org.junit.jupiter.api.AssertEquals.failNotEqual(AssertEquals.java:197)
	at org.junit.jupiter.api.AssertEquals.assertEquals(AssertEquals.java:182)
	at org.junit.jupiter.api.AssertEquals.assertEquals(AssertEquals.java:177)
	at org.junit.jupiter.api.Assertions.assertEquals(Assertions.java:1145)
	at DAOs.ProductosTest.testCatalogoProductos_char(ProductosTest.java:147)
	at java.base/java.lang.reflect.Method.invoke(Method.java:580)
	at java.base/java.util.ArrayList.forEach(ArrayList.java:1597)
	at java.base/java.util.ArrayList.forEach(ArrayList.java:1597)
]]></failure>
  </testcase>
  <testcase name="testAgregarProducto" classname="DAOs.ProductosTest" time="0.003">
    <failure message="expected: &lt;XX042,Papas Kiwi,g,G&gt; but was: &lt;XX023,Papas Kiwi,g,E&gt;" type="org.opentest4j.AssertionFailedError"><![CDATA[org.opentest4j.AssertionFailedError: expected: <XX042,Papas Kiwi,g,G> but was: <XX023,Papas Kiwi,g,E>
	at org.junit.jupiter.api.AssertionFailureBuilder.build(AssertionFailureBuilder.java:151)
	at org.junit.jupiter.api.AssertionFailureBuilder.buildAndThrow(AssertionFailureBuilder.java:132)
	at org.junit.jupiter.api.AssertEquals.failNotEqual(AssertEquals.java:197)
	at org.junit.jupiter.api.AssertEquals.assertEquals(AssertEquals.java:182)
	at org.junit.jupiter.api.AssertEquals.assertEquals(AssertEquals.java:177)
	at org.junit.jupiter.api.Assertions.assertEquals(Assertions.java:1145)
	at DAOs.ProductosTest.testAgregarProducto(ProductosTest.java:49)
	at java.base/java.lang.reflect.Method.invoke(Method.java:580)
	at java.base/java.util.ArrayList.forEach(ArrayList.java:1597)
	at java.base/java.util.ArrayList.forEach(ArrayList.java:1597)
]]></failure>
  </testcase>
</testsuite>